<?xml version="1.0" encoding="UTF-8"?>
<testng-results skipped="0" failed="0" ignored="0" total="1" passed="1">
  <reporter-output>
  </reporter-output>
  <suite name="Default suite" duration-ms="40906" started-at="2018-11-18T12:02:35Z" finished-at="2018-11-18T12:03:16Z">
    <groups>
    </groups>
    <test name="Default test" duration-ms="40906" started-at="2018-11-18T12:02:35Z" finished-at="2018-11-18T12:03:16Z">
      <class name="com.wallethub.SeleniumAssignment2">
        <test-method status="PASS" signature="beforeClass()[pri:0, instance:com.wallethub.SeleniumAssignment2@6f7fd0e6]" name="beforeClass" is-config="true" duration-ms="3153" started-at="2018-11-18T12:02:35Z" finished-at="2018-11-18T12:02:38Z">
          <reporter-output>
          </reporter-output>
        </test-method> <!-- beforeClass -->
        <test-method status="PASS" signature="writeReview()[pri:0, instance:com.wallethub.SeleniumAssignment2@6f7fd0e6]" name="writeReview" duration-ms="37718" started-at="2018-11-18T12:02:38Z" finished-at="2018-11-18T12:03:16Z">
          <reporter-output>
          </reporter-output>
        </test-method> <!-- writeReview -->
        <test-method status="PASS" signature="afterClass()[pri:0, instance:com.wallethub.SeleniumAssignment2@6f7fd0e6]" name="afterClass" is-config="true" duration-ms="1" started-at="2018-11-18T12:03:16Z" finished-at="2018-11-18T12:03:16Z">
          <reporter-output>
          </reporter-output>
        </test-method> <!-- afterClass -->
      </class> <!-- com.wallethub.SeleniumAssignment2 -->
    </test> <!-- Default test -->
  </suite> <!-- Default suite -->
</testng-results>
